4731
3769
1606
552
2093
855
1413
3337
5795
0
900
1854
1382
2279
4195
1797
3599
2126
2827
1565
4757
5820
1681
525
5575
3612
3619
1768
1893
2583
2348
3165
1512
1572
803
1619
132
3689
2483
2429
3548
405
2991
1897
725
644
2208
4326
4066
1863
873
3906
1834
1420
2298
3820
3059
1
2918
2652
3626
845
27
2933
3060
753
1228
2064
1716
2930
552
3649
624
361
2477
3567
1397
201
4835
5611
2731
4286
1244
962
3024
3017
1954
2493
156
386
1471
2521
1963
2403
2776
1257
2367
1881
1709
2940