50.000
50.000
50.000
50.000
52.651
50.861
51.032
50.000
50.000
50.000
50.000
50.000
50.000
50.000
65.000
65.000
53.070
50.022
50.000
61.000
67.845
69.000
50.000
50.000
69.000
50.000
50.000
50.000
50.000
50.000
51.482
71.000
50.000
50.000
50.000
54.000
50.000
54.000
50.000
50.175
50.171
50.000
54.818
50.969
50.000
59.166
50.000
50.000
50.000
71.000
50.000
50.872
50.414
50.000
50.000
50.000
50.000
50.000
50.000
67.943
67.000
50.116
50.000
69.519
50.000
50.000
50.000
50.000
50.000
51.036
50.005
63.143
55.007
63.995
50.000
53.232
58.362
51.706
50.000
50.000
50.000
50.000
54.361
50.000
67.000
66.915
67.000
67.000
52.010
50.937
59.246
67.000
50.000
50.000
50.000
50.000
51.579
53.529
50.478
50.000
50.000
69.616
50.717
52.922
50.000
50.000
50.000
50.000
53.445
